<?xml version="1.0" encoding="UTF-8"?>
<testng-results ignored="0" total="1" passed="1" failed="0" skipped="0">
  <reporter-output>
  </reporter-output>
  <suite started-at="2024-02-08T07:17:52 GMT" name="Default suite" finished-at="2024-02-08T07:17:56 GMT" duration-ms="4325">
    <groups>
    </groups>
    <test started-at="2024-02-08T07:17:52 GMT" name="Default test" finished-at="2024-02-08T07:17:56 GMT" duration-ms="4325">
      <class name="googleTest.seleniumgrid">
        <test-method signature="seleniumGrid()[pri:0, instance:googleTest.seleniumgrid@506ae4d4]" started-at="2024-02-08T07:17:52 GMT" name="seleniumGrid" finished-at="2024-02-08T07:17:56 GMT" duration-ms="4262" status="PASS">
          <reporter-output>
          </reporter-output>
        </test-method> <!-- seleniumGrid -->
      </class> <!-- googleTest.seleniumgrid -->
    </test> <!-- Default test -->
  </suite> <!-- Default suite -->
</testng-results>
