<?xml version="1.0" encoding="UTF-8"?>
<testng-results ignored="0" total="1" passed="1" failed="0" skipped="0">
  <reporter-output>
  </reporter-output>
  <suite started-at="2024-02-06T05:43:44 GMT" name="Default suite" finished-at="2024-02-06T05:43:44 GMT" duration-ms="77">
    <groups>
    </groups>
    <test started-at="2024-02-06T05:43:44 GMT" name="Default test" finished-at="2024-02-06T05:43:44 GMT" duration-ms="77">
      <class name="Practicetestng.fileoperations">
        <test-method signature="testcase1()[pri:0, instance:Practicetestng.fileoperations@1de5f259]" started-at="2024-02-06T05:43:44 GMT" name="testcase1" finished-at="2024-02-06T05:43:44 GMT" duration-ms="16" status="PASS">
          <reporter-output>
          </reporter-output>
        </test-method> <!-- testcase1 -->
      </class> <!-- Practicetestng.fileoperations -->
    </test> <!-- Default test -->
  </suite> <!-- Default suite -->
</testng-results>
